"2022-09-16 [restartedMain] WARN  o.s.b.a.o.j.JpaBaseConfiguration$JpaWebConfiguration -spring.jpa.open-in-view is enabled by default. Therefore, database queries may be performed during view rendering. Explicitly configure spring.jpa.open-in-view to disable this warning
""2022-09-16 [restartedMain] DEBUG o.s.w.s.m.m.a.RequestMappingHandlerAdapter -ControllerAdvice beans: 0 @ModelAttribute, 0 @InitBinder, 1 RequestBodyAdvice, 1 ResponseBodyAdvice
""2022-09-16 [restartedMain] DEBUG o.s.w.s.m.m.a.RequestMappingHandlerMapping -8 mappings in 'requestMappingHandlerMapping'
""2022-09-16 [restartedMain] DEBUG o.s.w.s.h.SimpleUrlHandlerMapping -Patterns [/webjars/**, /**] in 'resourceHandlerMapping'
""2022-09-16 [restartedMain] DEBUG o.s.w.s.m.m.a.ExceptionHandlerExceptionResolver -ControllerAdvice beans: 0 @ExceptionHandler, 1 ResponseBodyAdvice
""2022-09-16 [http-nio-8082-exec-1] INFO  o.s.web.servlet.DispatcherServlet -Initializing Servlet 'dispatcherServlet'
""2022-09-16 [http-nio-8082-exec-1] DEBUG o.s.web.servlet.DispatcherServlet -Detected StandardServletMultipartResolver
""2022-09-16 [http-nio-8082-exec-1] DEBUG o.s.web.servlet.DispatcherServlet -Detected AcceptHeaderLocaleResolver
""2022-09-16 [http-nio-8082-exec-1] DEBUG o.s.web.servlet.DispatcherServlet -Detected FixedThemeResolver
""2022-09-16 [http-nio-8082-exec-1] DEBUG o.s.web.servlet.DispatcherServlet -Detected org.springframework.web.servlet.view.DefaultRequestToViewNameTranslator@492842c2
""2022-09-16 [http-nio-8082-exec-1] DEBUG o.s.web.servlet.DispatcherServlet -Detected org.springframework.web.servlet.support.SessionFlashMapManager@466bec5
""2022-09-16 [http-nio-8082-exec-1] DEBUG o.s.web.servlet.DispatcherServlet -enableLoggingRequestDetails='false': request parameters and headers will be masked to prevent unsafe logging of potentially sensitive data
""2022-09-16 [http-nio-8082-exec-1] INFO  o.s.web.servlet.DispatcherServlet -Completed initialization in 4 ms
""2022-09-16 [http-nio-8082-exec-1] DEBUG o.s.web.servlet.DispatcherServlet -GET "/country/getCountry/5", parameters={}
""2022-09-16 [http-nio-8082-exec-1] DEBUG o.s.w.s.m.m.a.RequestMappingHandlerMapping -Mapped to com.country.controller.CountryController#getCountryById(Integer)
""2022-09-16 [http-nio-8082-exec-1] DEBUG o.s.w.s.m.m.a.HttpEntityMethodProcessor -Using 'application/json;q=0.8', given [text/html, application/xhtml+xml, image/webp, image/apng, application/xml;q=0.9, application/signed-exchange;v=b3;q=0.9, */*;q=0.8] and supported [application/json, application/*+json, application/json, application/*+json]
""2022-09-16 [http-nio-8082-exec-1] DEBUG o.s.w.s.m.m.a.HttpEntityMethodProcessor -Writing [Optional[Country [id=5, countryCode=95, countryName=Dubai, countryLanguage=English, totalArea=66000, (truncated)...]
""2022-09-16 [http-nio-8082-exec-1] DEBUG o.s.web.servlet.DispatcherServlet -Completed 200 OK
""2022-09-16 [http-nio-8082-exec-2] DEBUG o.s.web.servlet.DispatcherServlet -GET "/country/getCountry/8", parameters={}
""2022-09-16 [http-nio-8082-exec-2] DEBUG o.s.w.s.m.m.a.RequestMappingHandlerMapping -Mapped to com.country.controller.CountryController#getCountryById(Integer)
""2022-09-16 [http-nio-8082-exec-2] DEBUG o.s.w.s.m.m.a.HttpEntityMethodProcessor -Using 'application/json;q=0.8', given [text/html, application/xhtml+xml, image/webp, image/apng, application/xml;q=0.9, application/signed-exchange;v=b3;q=0.9, */*;q=0.8] and supported [application/json, application/*+json, application/json, application/*+json]
""2022-09-16 [http-nio-8082-exec-2] DEBUG o.s.w.s.m.m.a.HttpEntityMethodProcessor -Writing [Optional[Country [id=8, countryCode=103, countryName=Hong Kong, countryLanguage= Spanish English, to (truncated)...]
""2022-09-16 [http-nio-8082-exec-2] DEBUG o.s.web.servlet.DispatcherServlet -Completed 200 OK
""2022-09-16 [restartedMain] WARN  o.s.b.a.o.j.JpaBaseConfiguration$JpaWebConfiguration -spring.jpa.open-in-view is enabled by default. Therefore, database queries may be performed during view rendering. Explicitly configure spring.jpa.open-in-view to disable this warning
""2022-09-16 [restartedMain] DEBUG o.s.w.s.m.m.a.RequestMappingHandlerAdapter -ControllerAdvice beans: 0 @ModelAttribute, 0 @InitBinder, 1 RequestBodyAdvice, 1 ResponseBodyAdvice
""2022-09-16 [restartedMain] DEBUG o.s.w.s.m.m.a.RequestMappingHandlerMapping -8 mappings in 'requestMappingHandlerMapping'
""2022-09-16 [restartedMain] DEBUG o.s.w.s.h.SimpleUrlHandlerMapping -Patterns [/webjars/**, /**] in 'resourceHandlerMapping'
""2022-09-16 [restartedMain] DEBUG o.s.w.s.m.m.a.ExceptionHandlerExceptionResolver -ControllerAdvice beans: 0 @ExceptionHandler, 1 ResponseBodyAdvice
""2022-09-16 [http-nio-8082-exec-1] INFO  o.s.web.servlet.DispatcherServlet -Initializing Servlet 'dispatcherServlet'
""2022-09-16 [http-nio-8082-exec-1] DEBUG o.s.web.servlet.DispatcherServlet -Detected StandardServletMultipartResolver
""2022-09-16 [http-nio-8082-exec-1] DEBUG o.s.web.servlet.DispatcherServlet -Detected AcceptHeaderLocaleResolver
""2022-09-16 [http-nio-8082-exec-1] DEBUG o.s.web.servlet.DispatcherServlet -Detected FixedThemeResolver
""2022-09-16 [http-nio-8082-exec-1] DEBUG o.s.web.servlet.DispatcherServlet -Detected org.springframework.web.servlet.view.DefaultRequestToViewNameTranslator@4b3327d5
""2022-09-16 [http-nio-8082-exec-1] DEBUG o.s.web.servlet.DispatcherServlet -Detected org.springframework.web.servlet.support.SessionFlashMapManager@7e6a964
""2022-09-16 [http-nio-8082-exec-1] DEBUG o.s.web.servlet.DispatcherServlet -enableLoggingRequestDetails='false': request parameters and headers will be masked to prevent unsafe logging of potentially sensitive data
""2022-09-16 [http-nio-8082-exec-1] INFO  o.s.web.servlet.DispatcherServlet -Completed initialization in 4 ms
""2022-09-16 [http-nio-8082-exec-1] DEBUG o.s.web.servlet.DispatcherServlet -GET "/country/getCountry/3", parameters={}
""2022-09-16 [http-nio-8082-exec-1] DEBUG o.s.w.s.m.m.a.RequestMappingHandlerMapping -Mapped to com.country.controller.CountryController#getCountryById(Integer)
""2022-09-16 [http-nio-8082-exec-1] DEBUG o.s.w.s.m.m.a.HttpEntityMethodProcessor -Using 'application/json;q=0.8', given [text/html, application/xhtml+xml, image/webp, image/apng, application/xml;q=0.9, application/signed-exchange;v=b3;q=0.9, */*;q=0.8] and supported [application/json, application/*+json, application/json, application/*+json]
""2022-09-16 [http-nio-8082-exec-1] DEBUG o.s.w.s.m.m.a.HttpEntityMethodProcessor -Writing [Optional[Country [id=3, countryCode=93, countryName=UK, countryLanguage=English UK, totalArea=456000 (truncated)...]
""2022-09-16 [http-nio-8082-exec-1] DEBUG o.s.web.servlet.DispatcherServlet -Completed 200 OK
"